#-----------------------------------------------------------
# Vivado v2019.2 (64-bit)
# SW Build 2708876 on Wed Nov  6 21:40:23 MST 2019
# IP Build 2700528 on Thu Nov  7 00:09:20 MST 2019
# Start of session at: Fri May 29 11:12:45 2026
# Process ID: 12904
# Current directory: C:/Users/beccleme/Documents/PSN10/projet-RISC-V
# Command line: vivado.exe -gui_launcher_event rodinguilauncherevent10224 C:\Users\beccleme\Documents\PSN10\projet-RISC-V\projet-RISC-V.xpr
# Log file: C:/Users/beccleme/Documents/PSN10/projet-RISC-V/vivado.log
# Journal file: C:/Users/beccleme/Documents/PSN10/projet-RISC-V\vivado.jou
#-----------------------------------------------------------
start_gui
open_project C:/Users/beccleme/Documents/PSN10/projet-RISC-V/projet-RISC-V.xpr
Scanning sources...
Finished scanning sources
INFO: [IP_Flow 19-234] Refreshing IP repositories
INFO: [IP_Flow 19-1704] No user IP repositories specified
INFO: [IP_Flow 19-2313] Loaded Vivado IP repository 'C:/Xilinx/Vivado/2019.2/data/ip'.
update_compile_order -fileset sources_1
launch_simulation
Command: launch_simulation 
INFO: [Vivado 12-5682] Launching behavioral simulation in 'C:/Users/beccleme/Documents/PSN10/projet-RISC-V/projet-RISC-V.sim/sim_1/behav/xsim'
INFO: [SIM-utils-51] Simulation object is 'sim_1'
INFO: [SIM-utils-54] Inspecting design source files for 'testbenchControlUnit' in fileset 'sim_1'...
INFO: [USF-XSim-97] Finding global include files...
INFO: [USF-XSim-98] Fetching design files from 'sim_1'...
INFO: [USF-XSim-2] XSim::Compile design
INFO: [USF-XSim-61] Executing 'COMPILE and ANALYZE' step in 'C:/Users/beccleme/Documents/PSN10/projet-RISC-V/projet-RISC-V.sim/sim_1/behav/xsim'
"xvhdl --incr --relax -prj testbenchControlUnit_vhdl.prj"
INFO: [VRFC 10-163] Analyzing VHDL file "C:/Users/beccleme/Documents/PSN10/projet-RISC-V/projet-RISC-V.srcs/sources_1/new/ControlUnit.vhd" into library xil_defaultlib
INFO: [VRFC 10-3107] analyzing entity 'ControlUnit'
INFO: [VRFC 10-163] Analyzing VHDL file "C:/Users/beccleme/Documents/PSN10/ESISCV-Microcontroler-Hiring/validation/testbenchControlUnit.vhd" into library xil_defaultlib
INFO: [VRFC 10-3107] analyzing entity 'testbenchControlUnit'
INFO: [USF-XSim-69] 'compile' step finished in '1' seconds
INFO: [USF-XSim-3] XSim::Elaborate design
INFO: [USF-XSim-61] Executing 'ELABORATE' step in 'C:/Users/beccleme/Documents/PSN10/projet-RISC-V/projet-RISC-V.sim/sim_1/behav/xsim'
"xelab -wto 60c90610a5ed4297b510f5bef94a44f6 --incr --debug typical --relax --mt 2 -L xil_defaultlib -L secureip --snapshot testbenchControlUnit_behav xil_defaultlib.testbenchControlUnit -log elaborate.log"
Vivado Simulator 2019.2
Copyright 1986-1999, 2001-2019 Xilinx, Inc. All Rights Reserved.
Running: C:/Xilinx/Vivado/2019.2/bin/unwrapped/win64.o/xelab.exe -wto 60c90610a5ed4297b510f5bef94a44f6 --incr --debug typical --relax --mt 2 -L xil_defaultlib -L secureip --snapshot testbenchControlUnit_behav xil_defaultlib.testbenchControlUnit -log elaborate.log 
Using 2 slave threads.
Starting static elaboration
ERROR: [VRFC 10-718] formal port <IoD> does not exist in entity <ControlUnit>.  Please compare the definition of block <ControlUnit> to its component declaration and its instantion to detect the mismatch. [C:/Users/beccleme/Documents/PSN10/ESISCV-Microcontroler-Hiring/validation/testbenchControlUnit.vhd:60]
ERROR: [XSIM 43-3321] Static elaboration of top level VHDL design unit testbenchcontrolunit in library work failed.
INFO: [USF-XSim-69] 'elaborate' step finished in '1' seconds
INFO: [USF-XSim-99] Step results log file:'C:/Users/beccleme/Documents/PSN10/projet-RISC-V/projet-RISC-V.sim/sim_1/behav/xsim/elaborate.log'
ERROR: [USF-XSim-62] 'elaborate' step failed with error(s). Please check the Tcl console output or 'C:/Users/beccleme/Documents/PSN10/projet-RISC-V/projet-RISC-V.sim/sim_1/behav/xsim/elaborate.log' file for more information.
ERROR: [Vivado 12-4473] Detected error while running simulation. Please correct the issue and retry this operation.
ERROR: [Common 17-39] 'launch_simulation' failed due to earlier errors.
launch_simulation
Command: launch_simulation 
INFO: [Vivado 12-5682] Launching behavioral simulation in 'C:/Users/beccleme/Documents/PSN10/projet-RISC-V/projet-RISC-V.sim/sim_1/behav/xsim'
INFO: [SIM-utils-51] Simulation object is 'sim_1'
INFO: [SIM-utils-54] Inspecting design source files for 'testbenchControlUnit' in fileset 'sim_1'...
INFO: [USF-XSim-97] Finding global include files...
INFO: [USF-XSim-98] Fetching design files from 'sim_1'...
INFO: [USF-XSim-2] XSim::Compile design
INFO: [USF-XSim-61] Executing 'COMPILE and ANALYZE' step in 'C:/Users/beccleme/Documents/PSN10/projet-RISC-V/projet-RISC-V.sim/sim_1/behav/xsim'
"xvhdl --incr --relax -prj testbenchControlUnit_vhdl.prj"
INFO: [VRFC 10-163] Analyzing VHDL file "C:/Users/beccleme/Documents/PSN10/projet-RISC-V/projet-RISC-V.srcs/sources_1/new/ControlUnit.vhd" into library xil_defaultlib
INFO: [VRFC 10-3107] analyzing entity 'ControlUnit'
INFO: [USF-XSim-69] 'compile' step finished in '1' seconds
INFO: [USF-XSim-3] XSim::Elaborate design
INFO: [USF-XSim-61] Executing 'ELABORATE' step in 'C:/Users/beccleme/Documents/PSN10/projet-RISC-V/projet-RISC-V.sim/sim_1/behav/xsim'
"xelab -wto 60c90610a5ed4297b510f5bef94a44f6 --incr --debug typical --relax --mt 2 -L xil_defaultlib -L secureip --snapshot testbenchControlUnit_behav xil_defaultlib.testbenchControlUnit -log elaborate.log"
Vivado Simulator 2019.2
Copyright 1986-1999, 2001-2019 Xilinx, Inc. All Rights Reserved.
Running: C:/Xilinx/Vivado/2019.2/bin/unwrapped/win64.o/xelab.exe -wto 60c90610a5ed4297b510f5bef94a44f6 --incr --debug typical --relax --mt 2 -L xil_defaultlib -L secureip --snapshot testbenchControlUnit_behav xil_defaultlib.testbenchControlUnit -log elaborate.log 
Using 2 slave threads.
Starting static elaboration
ERROR: [VRFC 10-494] choice "00000000" should have 7 elements [C:/Users/beccleme/Documents/PSN10/projet-RISC-V/projet-RISC-V.srcs/sources_1/new/ControlUnit.vhd:79]
ERROR: [VRFC 10-494] choice "00100000" should have 7 elements [C:/Users/beccleme/Documents/PSN10/projet-RISC-V/projet-RISC-V.srcs/sources_1/new/ControlUnit.vhd:81]
ERROR: [XSIM 43-3321] Static elaboration of top level VHDL design unit testbenchcontrolunit in library work failed.
INFO: [USF-XSim-69] 'elaborate' step finished in '1' seconds
INFO: [USF-XSim-99] Step results log file:'C:/Users/beccleme/Documents/PSN10/projet-RISC-V/projet-RISC-V.sim/sim_1/behav/xsim/elaborate.log'
ERROR: [USF-XSim-62] 'elaborate' step failed with error(s). Please check the Tcl console output or 'C:/Users/beccleme/Documents/PSN10/projet-RISC-V/projet-RISC-V.sim/sim_1/behav/xsim/elaborate.log' file for more information.
ERROR: [Vivado 12-4473] Detected error while running simulation. Please correct the issue and retry this operation.
ERROR: [Common 17-39] 'launch_simulation' failed due to earlier errors.
launch_simulation
Command: launch_simulation 
INFO: [Vivado 12-5682] Launching behavioral simulation in 'C:/Users/beccleme/Documents/PSN10/projet-RISC-V/projet-RISC-V.sim/sim_1/behav/xsim'
INFO: [SIM-utils-51] Simulation object is 'sim_1'
INFO: [SIM-utils-54] Inspecting design source files for 'testbenchControlUnit' in fileset 'sim_1'...
INFO: [USF-XSim-97] Finding global include files...
INFO: [USF-XSim-98] Fetching design files from 'sim_1'...
INFO: [USF-XSim-2] XSim::Compile design
INFO: [USF-XSim-61] Executing 'COMPILE and ANALYZE' step in 'C:/Users/beccleme/Documents/PSN10/projet-RISC-V/projet-RISC-V.sim/sim_1/behav/xsim'
"xvhdl --incr --relax -prj testbenchControlUnit_vhdl.prj"
INFO: [VRFC 10-163] Analyzing VHDL file "C:/Users/beccleme/Documents/PSN10/projet-RISC-V/projet-RISC-V.srcs/sources_1/new/ControlUnit.vhd" into library xil_defaultlib
INFO: [VRFC 10-3107] analyzing entity 'ControlUnit'
INFO: [USF-XSim-69] 'compile' step finished in '1' seconds
INFO: [USF-XSim-3] XSim::Elaborate design
INFO: [USF-XSim-61] Executing 'ELABORATE' step in 'C:/Users/beccleme/Documents/PSN10/projet-RISC-V/projet-RISC-V.sim/sim_1/behav/xsim'
"xelab -wto 60c90610a5ed4297b510f5bef94a44f6 --incr --debug typical --relax --mt 2 -L xil_defaultlib -L secureip --snapshot testbenchControlUnit_behav xil_defaultlib.testbenchControlUnit -log elaborate.log"
Vivado Simulator 2019.2
Copyright 1986-1999, 2001-2019 Xilinx, Inc. All Rights Reserved.
Running: C:/Xilinx/Vivado/2019.2/bin/unwrapped/win64.o/xelab.exe -wto 60c90610a5ed4297b510f5bef94a44f6 --incr --debug typical --relax --mt 2 -L xil_defaultlib -L secureip --snapshot testbenchControlUnit_behav xil_defaultlib.testbenchControlUnit -log elaborate.log 
Using 2 slave threads.
Starting static elaboration
Completed static elaboration
Starting simulation data flow analysis
Completed simulation data flow analysis
Time Resolution for simulation is 1ps
Compiling package std.standard
Compiling package std.textio
Compiling package ieee.std_logic_1164
Compiling architecture behavioral of entity xil_defaultlib.ControlUnit [controlunit_default]
Compiling architecture behavioral of entity xil_defaultlib.testbenchcontrolunit
Built simulation snapshot testbenchControlUnit_behav

****** Webtalk v2019.2 (64-bit)
  **** SW Build 2708876 on Wed Nov  6 21:40:23 MST 2019
  **** IP Build 2700528 on Thu Nov  7 00:09:20 MST 2019
    ** Copyright 1986-2019 Xilinx, Inc. All Rights Reserved.

source C:/Users/beccleme/Documents/PSN10/projet-RISC-V/projet-RISC-V.sim/sim_1/behav/xsim/xsim.dir/testbenchControlUnit_behav/webtalk/xsim_webtalk.tcl -notrace
INFO: [Common 17-206] Exiting Webtalk at Fri May 29 11:16:20 2026...
INFO: [USF-XSim-69] 'elaborate' step finished in '2' seconds
INFO: [USF-XSim-4] XSim::Simulate design
INFO: [USF-XSim-61] Executing 'SIMULATE' step in 'C:/Users/beccleme/Documents/PSN10/projet-RISC-V/projet-RISC-V.sim/sim_1/behav/xsim'
INFO: [USF-XSim-98] *** Running xsim
   with args "testbenchControlUnit_behav -key {Behavioral:sim_1:Functional:testbenchControlUnit} -tclbatch {testbenchControlUnit.tcl} -log {simulate.log}"
INFO: [USF-XSim-8] Loading simulator feature
Vivado Simulator 2019.2
Time resolution is 1 ps
source testbenchControlUnit.tcl
# set curr_wave [current_wave_config]
# if { [string length $curr_wave] == 0 } {
#   if { [llength [get_objects]] > 0} {
#     add_wave /
#     set_property needs_save false [current_wave_config]
#   } else {
#      send_msg_id Add_Wave-1 WARNING "No top level signals found. Simulator will start without a wave window. If you want to open a wave window go to 'File->New Waveform Configuration' or type 'create_wave_config' in the TCL console."
#   }
# }
# run 1000ns
INFO: [USF-XSim-96] XSim completed. Design snapshot 'testbenchControlUnit_behav' loaded.
INFO: [USF-XSim-97] XSim simulation ran for 1000ns
launch_simulation: Time (s): cpu = 00:00:04 ; elapsed = 00:00:05 . Memory (MB): peak = 1033.973 ; gain = 25.227
close_sim
INFO: [Simtcl 6-16] Simulation closed
launch_simulation
Command: launch_simulation 
INFO: [Vivado 12-5682] Launching behavioral simulation in 'C:/Users/beccleme/Documents/PSN10/projet-RISC-V/projet-RISC-V.sim/sim_1/behav/xsim'
INFO: [SIM-utils-51] Simulation object is 'sim_1'
INFO: [SIM-utils-54] Inspecting design source files for 'testbenchControlUnit' in fileset 'sim_1'...
INFO: [USF-XSim-97] Finding global include files...
INFO: [USF-XSim-98] Fetching design files from 'sim_1'...
INFO: [USF-XSim-2] XSim::Compile design
INFO: [USF-XSim-61] Executing 'COMPILE and ANALYZE' step in 'C:/Users/beccleme/Documents/PSN10/projet-RISC-V/projet-RISC-V.sim/sim_1/behav/xsim'
"xvhdl --incr --relax -prj testbenchControlUnit_vhdl.prj"
INFO: [VRFC 10-163] Analyzing VHDL file "C:/Users/beccleme/Documents/PSN10/projet-RISC-V/projet-RISC-V.srcs/sources_1/new/ControlUnit.vhd" into library xil_defaultlib
INFO: [VRFC 10-3107] analyzing entity 'ControlUnit'
INFO: [USF-XSim-69] 'compile' step finished in '1' seconds
INFO: [USF-XSim-3] XSim::Elaborate design
INFO: [USF-XSim-61] Executing 'ELABORATE' step in 'C:/Users/beccleme/Documents/PSN10/projet-RISC-V/projet-RISC-V.sim/sim_1/behav/xsim'
"xelab -wto 60c90610a5ed4297b510f5bef94a44f6 --incr --debug typical --relax --mt 2 -L xil_defaultlib -L secureip --snapshot testbenchControlUnit_behav xil_defaultlib.testbenchControlUnit -log elaborate.log"
Vivado Simulator 2019.2
Copyright 1986-1999, 2001-2019 Xilinx, Inc. All Rights Reserved.
Running: C:/Xilinx/Vivado/2019.2/bin/unwrapped/win64.o/xelab.exe -wto 60c90610a5ed4297b510f5bef94a44f6 --incr --debug typical --relax --mt 2 -L xil_defaultlib -L secureip --snapshot testbenchControlUnit_behav xil_defaultlib.testbenchControlUnit -log elaborate.log 
Using 2 slave threads.
Starting static elaboration
Completed static elaboration
Starting simulation data flow analysis
Completed simulation data flow analysis
Time Resolution for simulation is 1ps
Compiling package std.standard
Compiling package std.textio
Compiling package ieee.std_logic_1164
Compiling architecture behavioral of entity xil_defaultlib.ControlUnit [controlunit_default]
Compiling architecture behavioral of entity xil_defaultlib.testbenchcontrolunit
Built simulation snapshot testbenchControlUnit_behav
INFO: [USF-XSim-69] 'elaborate' step finished in '1' seconds
INFO: [USF-XSim-4] XSim::Simulate design
INFO: [USF-XSim-61] Executing 'SIMULATE' step in 'C:/Users/beccleme/Documents/PSN10/projet-RISC-V/projet-RISC-V.sim/sim_1/behav/xsim'
INFO: [USF-XSim-98] *** Running xsim
   with args "testbenchControlUnit_behav -key {Behavioral:sim_1:Functional:testbenchControlUnit} -tclbatch {testbenchControlUnit.tcl} -log {simulate.log}"
INFO: [USF-XSim-8] Loading simulator feature
Vivado Simulator 2019.2
Time resolution is 1 ps
source testbenchControlUnit.tcl
# set curr_wave [current_wave_config]
# if { [string length $curr_wave] == 0 } {
#   if { [llength [get_objects]] > 0} {
#     add_wave /
#     set_property needs_save false [current_wave_config]
#   } else {
#      send_msg_id Add_Wave-1 WARNING "No top level signals found. Simulator will start without a wave window. If you want to open a wave window go to 'File->New Waveform Configuration' or type 'create_wave_config' in the TCL console."
#   }
# }
# run 1000ns
INFO: [USF-XSim-96] XSim completed. Design snapshot 'testbenchControlUnit_behav' loaded.
INFO: [USF-XSim-97] XSim simulation ran for 1000ns
close_sim
INFO: [Simtcl 6-16] Simulation closed
launch_simulation
Command: launch_simulation 
INFO: [Vivado 12-5682] Launching behavioral simulation in 'C:/Users/beccleme/Documents/PSN10/projet-RISC-V/projet-RISC-V.sim/sim_1/behav/xsim'
INFO: [SIM-utils-51] Simulation object is 'sim_1'
INFO: [SIM-utils-54] Inspecting design source files for 'testbenchControlUnit' in fileset 'sim_1'...
INFO: [USF-XSim-97] Finding global include files...
INFO: [USF-XSim-98] Fetching design files from 'sim_1'...
INFO: [USF-XSim-2] XSim::Compile design
INFO: [USF-XSim-61] Executing 'COMPILE and ANALYZE' step in 'C:/Users/beccleme/Documents/PSN10/projet-RISC-V/projet-RISC-V.sim/sim_1/behav/xsim'
"xvhdl --incr --relax -prj testbenchControlUnit_vhdl.prj"
INFO: [VRFC 10-163] Analyzing VHDL file "C:/Users/beccleme/Documents/PSN10/projet-RISC-V/projet-RISC-V.srcs/sources_1/new/ControlUnit.vhd" into library xil_defaultlib
INFO: [VRFC 10-3107] analyzing entity 'ControlUnit'
INFO: [USF-XSim-69] 'compile' step finished in '1' seconds
INFO: [USF-XSim-3] XSim::Elaborate design
INFO: [USF-XSim-61] Executing 'ELABORATE' step in 'C:/Users/beccleme/Documents/PSN10/projet-RISC-V/projet-RISC-V.sim/sim_1/behav/xsim'
"xelab -wto 60c90610a5ed4297b510f5bef94a44f6 --incr --debug typical --relax --mt 2 -L xil_defaultlib -L secureip --snapshot testbenchControlUnit_behav xil_defaultlib.testbenchControlUnit -log elaborate.log"
Vivado Simulator 2019.2
Copyright 1986-1999, 2001-2019 Xilinx, Inc. All Rights Reserved.
Running: C:/Xilinx/Vivado/2019.2/bin/unwrapped/win64.o/xelab.exe -wto 60c90610a5ed4297b510f5bef94a44f6 --incr --debug typical --relax --mt 2 -L xil_defaultlib -L secureip --snapshot testbenchControlUnit_behav xil_defaultlib.testbenchControlUnit -log elaborate.log 
Using 2 slave threads.
Starting static elaboration
Completed static elaboration
Starting simulation data flow analysis
Completed simulation data flow analysis
Time Resolution for simulation is 1ps
Compiling package std.standard
Compiling package std.textio
Compiling package ieee.std_logic_1164
Compiling architecture behavioral of entity xil_defaultlib.ControlUnit [controlunit_default]
Compiling architecture behavioral of entity xil_defaultlib.testbenchcontrolunit
Built simulation snapshot testbenchControlUnit_behav
INFO: [USF-XSim-69] 'elaborate' step finished in '1' seconds
INFO: [USF-XSim-4] XSim::Simulate design
INFO: [USF-XSim-61] Executing 'SIMULATE' step in 'C:/Users/beccleme/Documents/PSN10/projet-RISC-V/projet-RISC-V.sim/sim_1/behav/xsim'
INFO: [USF-XSim-98] *** Running xsim
   with args "testbenchControlUnit_behav -key {Behavioral:sim_1:Functional:testbenchControlUnit} -tclbatch {testbenchControlUnit.tcl} -log {simulate.log}"
INFO: [USF-XSim-8] Loading simulator feature
Vivado Simulator 2019.2
Time resolution is 1 ps
source testbenchControlUnit.tcl
# set curr_wave [current_wave_config]
# if { [string length $curr_wave] == 0 } {
#   if { [llength [get_objects]] > 0} {
#     add_wave /
#     set_property needs_save false [current_wave_config]
#   } else {
#      send_msg_id Add_Wave-1 WARNING "No top level signals found. Simulator will start without a wave window. If you want to open a wave window go to 'File->New Waveform Configuration' or type 'create_wave_config' in the TCL console."
#   }
# }
# run 1000ns
INFO: [USF-XSim-96] XSim completed. Design snapshot 'testbenchControlUnit_behav' loaded.
INFO: [USF-XSim-97] XSim simulation ran for 1000ns
close_sim
INFO: [Simtcl 6-16] Simulation closed
launch_simulation
Command: launch_simulation 
INFO: [Vivado 12-5682] Launching behavioral simulation in 'C:/Users/beccleme/Documents/PSN10/projet-RISC-V/projet-RISC-V.sim/sim_1/behav/xsim'
INFO: [SIM-utils-51] Simulation object is 'sim_1'
INFO: [SIM-utils-54] Inspecting design source files for 'testbenchControlUnit' in fileset 'sim_1'...
INFO: [USF-XSim-97] Finding global include files...
INFO: [USF-XSim-98] Fetching design files from 'sim_1'...
INFO: [USF-XSim-2] XSim::Compile design
INFO: [USF-XSim-61] Executing 'COMPILE and ANALYZE' step in 'C:/Users/beccleme/Documents/PSN10/projet-RISC-V/projet-RISC-V.sim/sim_1/behav/xsim'
"xvhdl --incr --relax -prj testbenchControlUnit_vhdl.prj"
INFO: [VRFC 10-163] Analyzing VHDL file "C:/Users/beccleme/Documents/PSN10/projet-RISC-V/projet-RISC-V.srcs/sources_1/new/ControlUnit.vhd" into library xil_defaultlib
INFO: [VRFC 10-3107] analyzing entity 'ControlUnit'
INFO: [USF-XSim-69] 'compile' step finished in '1' seconds
INFO: [USF-XSim-3] XSim::Elaborate design
INFO: [USF-XSim-61] Executing 'ELABORATE' step in 'C:/Users/beccleme/Documents/PSN10/projet-RISC-V/projet-RISC-V.sim/sim_1/behav/xsim'
"xelab -wto 60c90610a5ed4297b510f5bef94a44f6 --incr --debug typical --relax --mt 2 -L xil_defaultlib -L secureip --snapshot testbenchControlUnit_behav xil_defaultlib.testbenchControlUnit -log elaborate.log"
Vivado Simulator 2019.2
Copyright 1986-1999, 2001-2019 Xilinx, Inc. All Rights Reserved.
Running: C:/Xilinx/Vivado/2019.2/bin/unwrapped/win64.o/xelab.exe -wto 60c90610a5ed4297b510f5bef94a44f6 --incr --debug typical --relax --mt 2 -L xil_defaultlib -L secureip --snapshot testbenchControlUnit_behav xil_defaultlib.testbenchControlUnit -log elaborate.log 
Using 2 slave threads.
Starting static elaboration
Completed static elaboration
Starting simulation data flow analysis
Completed simulation data flow analysis
Time Resolution for simulation is 1ps
Compiling package std.standard
Compiling package std.textio
Compiling package ieee.std_logic_1164
Compiling architecture behavioral of entity xil_defaultlib.ControlUnit [controlunit_default]
Compiling architecture behavioral of entity xil_defaultlib.testbenchcontrolunit
Built simulation snapshot testbenchControlUnit_behav
INFO: [USF-XSim-69] 'elaborate' step finished in '1' seconds
INFO: [USF-XSim-4] XSim::Simulate design
INFO: [USF-XSim-61] Executing 'SIMULATE' step in 'C:/Users/beccleme/Documents/PSN10/projet-RISC-V/projet-RISC-V.sim/sim_1/behav/xsim'
INFO: [USF-XSim-98] *** Running xsim
   with args "testbenchControlUnit_behav -key {Behavioral:sim_1:Functional:testbenchControlUnit} -tclbatch {testbenchControlUnit.tcl} -log {simulate.log}"
INFO: [USF-XSim-8] Loading simulator feature
Vivado Simulator 2019.2
Time resolution is 1 ps
source testbenchControlUnit.tcl
# set curr_wave [current_wave_config]
# if { [string length $curr_wave] == 0 } {
#   if { [llength [get_objects]] > 0} {
#     add_wave /
#     set_property needs_save false [current_wave_config]
#   } else {
#      send_msg_id Add_Wave-1 WARNING "No top level signals found. Simulator will start without a wave window. If you want to open a wave window go to 'File->New Waveform Configuration' or type 'create_wave_config' in the TCL console."
#   }
# }
# run 1000ns
INFO: [USF-XSim-96] XSim completed. Design snapshot 'testbenchControlUnit_behav' loaded.
INFO: [USF-XSim-97] XSim simulation ran for 1000ns
close_sim
INFO: [Simtcl 6-16] Simulation closed
launch_simulation
Command: launch_simulation 
INFO: [Vivado 12-5682] Launching behavioral simulation in 'C:/Users/beccleme/Documents/PSN10/projet-RISC-V/projet-RISC-V.sim/sim_1/behav/xsim'
INFO: [SIM-utils-51] Simulation object is 'sim_1'
INFO: [SIM-utils-54] Inspecting design source files for 'testbenchControlUnit' in fileset 'sim_1'...
INFO: [USF-XSim-97] Finding global include files...
INFO: [USF-XSim-98] Fetching design files from 'sim_1'...
INFO: [USF-XSim-2] XSim::Compile design
INFO: [USF-XSim-61] Executing 'COMPILE and ANALYZE' step in 'C:/Users/beccleme/Documents/PSN10/projet-RISC-V/projet-RISC-V.sim/sim_1/behav/xsim'
"xvhdl --incr --relax -prj testbenchControlUnit_vhdl.prj"
INFO: [VRFC 10-163] Analyzing VHDL file "C:/Users/beccleme/Documents/PSN10/projet-RISC-V/projet-RISC-V.srcs/sources_1/new/ControlUnit.vhd" into library xil_defaultlib
INFO: [VRFC 10-3107] analyzing entity 'ControlUnit'
INFO: [USF-XSim-69] 'compile' step finished in '1' seconds
INFO: [USF-XSim-3] XSim::Elaborate design
INFO: [USF-XSim-61] Executing 'ELABORATE' step in 'C:/Users/beccleme/Documents/PSN10/projet-RISC-V/projet-RISC-V.sim/sim_1/behav/xsim'
"xelab -wto 60c90610a5ed4297b510f5bef94a44f6 --incr --debug typical --relax --mt 2 -L xil_defaultlib -L secureip --snapshot testbenchControlUnit_behav xil_defaultlib.testbenchControlUnit -log elaborate.log"
Vivado Simulator 2019.2
Copyright 1986-1999, 2001-2019 Xilinx, Inc. All Rights Reserved.
Running: C:/Xilinx/Vivado/2019.2/bin/unwrapped/win64.o/xelab.exe -wto 60c90610a5ed4297b510f5bef94a44f6 --incr --debug typical --relax --mt 2 -L xil_defaultlib -L secureip --snapshot testbenchControlUnit_behav xil_defaultlib.testbenchControlUnit -log elaborate.log 
Using 2 slave threads.
Starting static elaboration
Completed static elaboration
Starting simulation data flow analysis
Completed simulation data flow analysis
Time Resolution for simulation is 1ps
Compiling package std.standard
Compiling package std.textio
Compiling package ieee.std_logic_1164
Compiling architecture behavioral of entity xil_defaultlib.ControlUnit [controlunit_default]
Compiling architecture behavioral of entity xil_defaultlib.testbenchcontrolunit
Built simulation snapshot testbenchControlUnit_behav
INFO: [USF-XSim-69] 'elaborate' step finished in '1' seconds
INFO: [USF-XSim-4] XSim::Simulate design
INFO: [USF-XSim-61] Executing 'SIMULATE' step in 'C:/Users/beccleme/Documents/PSN10/projet-RISC-V/projet-RISC-V.sim/sim_1/behav/xsim'
INFO: [USF-XSim-98] *** Running xsim
   with args "testbenchControlUnit_behav -key {Behavioral:sim_1:Functional:testbenchControlUnit} -tclbatch {testbenchControlUnit.tcl} -log {simulate.log}"
INFO: [USF-XSim-8] Loading simulator feature
Vivado Simulator 2019.2
Time resolution is 1 ps
source testbenchControlUnit.tcl
# set curr_wave [current_wave_config]
# if { [string length $curr_wave] == 0 } {
#   if { [llength [get_objects]] > 0} {
#     add_wave /
#     set_property needs_save false [current_wave_config]
#   } else {
#      send_msg_id Add_Wave-1 WARNING "No top level signals found. Simulator will start without a wave window. If you want to open a wave window go to 'File->New Waveform Configuration' or type 'create_wave_config' in the TCL console."
#   }
# }
# run 1000ns
INFO: [USF-XSim-96] XSim completed. Design snapshot 'testbenchControlUnit_behav' loaded.
INFO: [USF-XSim-97] XSim simulation ran for 1000ns
close_sim
INFO: [Simtcl 6-16] Simulation closed
launch_simulation
Command: launch_simulation 
INFO: [Vivado 12-5682] Launching behavioral simulation in 'C:/Users/beccleme/Documents/PSN10/projet-RISC-V/projet-RISC-V.sim/sim_1/behav/xsim'
INFO: [SIM-utils-51] Simulation object is 'sim_1'
INFO: [SIM-utils-54] Inspecting design source files for 'testbenchControlUnit' in fileset 'sim_1'...
INFO: [USF-XSim-97] Finding global include files...
INFO: [USF-XSim-98] Fetching design files from 'sim_1'...
INFO: [USF-XSim-2] XSim::Compile design
INFO: [USF-XSim-61] Executing 'COMPILE and ANALYZE' step in 'C:/Users/beccleme/Documents/PSN10/projet-RISC-V/projet-RISC-V.sim/sim_1/behav/xsim'
"xvhdl --incr --relax -prj testbenchControlUnit_vhdl.prj"
INFO: [VRFC 10-163] Analyzing VHDL file "C:/Users/beccleme/Documents/PSN10/projet-RISC-V/projet-RISC-V.srcs/sources_1/new/ControlUnit.vhd" into library xil_defaultlib
INFO: [VRFC 10-3107] analyzing entity 'ControlUnit'
INFO: [USF-XSim-69] 'compile' step finished in '1' seconds
INFO: [USF-XSim-3] XSim::Elaborate design
INFO: [USF-XSim-61] Executing 'ELABORATE' step in 'C:/Users/beccleme/Documents/PSN10/projet-RISC-V/projet-RISC-V.sim/sim_1/behav/xsim'
"xelab -wto 60c90610a5ed4297b510f5bef94a44f6 --incr --debug typical --relax --mt 2 -L xil_defaultlib -L secureip --snapshot testbenchControlUnit_behav xil_defaultlib.testbenchControlUnit -log elaborate.log"
Vivado Simulator 2019.2
Copyright 1986-1999, 2001-2019 Xilinx, Inc. All Rights Reserved.
Running: C:/Xilinx/Vivado/2019.2/bin/unwrapped/win64.o/xelab.exe -wto 60c90610a5ed4297b510f5bef94a44f6 --incr --debug typical --relax --mt 2 -L xil_defaultlib -L secureip --snapshot testbenchControlUnit_behav xil_defaultlib.testbenchControlUnit -log elaborate.log 
Using 2 slave threads.
Starting static elaboration
Completed static elaboration
Starting simulation data flow analysis
Completed simulation data flow analysis
Time Resolution for simulation is 1ps
Compiling package std.standard
Compiling package std.textio
Compiling package ieee.std_logic_1164
Compiling architecture behavioral of entity xil_defaultlib.ControlUnit [controlunit_default]
Compiling architecture behavioral of entity xil_defaultlib.testbenchcontrolunit
Built simulation snapshot testbenchControlUnit_behav
INFO: [USF-XSim-69] 'elaborate' step finished in '1' seconds
INFO: [USF-XSim-4] XSim::Simulate design
INFO: [USF-XSim-61] Executing 'SIMULATE' step in 'C:/Users/beccleme/Documents/PSN10/projet-RISC-V/projet-RISC-V.sim/sim_1/behav/xsim'
INFO: [USF-XSim-98] *** Running xsim
   with args "testbenchControlUnit_behav -key {Behavioral:sim_1:Functional:testbenchControlUnit} -tclbatch {testbenchControlUnit.tcl} -log {simulate.log}"
INFO: [USF-XSim-8] Loading simulator feature
Vivado Simulator 2019.2
Time resolution is 1 ps
source testbenchControlUnit.tcl
# set curr_wave [current_wave_config]
# if { [string length $curr_wave] == 0 } {
#   if { [llength [get_objects]] > 0} {
#     add_wave /
#     set_property needs_save false [current_wave_config]
#   } else {
#      send_msg_id Add_Wave-1 WARNING "No top level signals found. Simulator will start without a wave window. If you want to open a wave window go to 'File->New Waveform Configuration' or type 'create_wave_config' in the TCL console."
#   }
# }
# run 1000ns
INFO: [USF-XSim-96] XSim completed. Design snapshot 'testbenchControlUnit_behav' loaded.
INFO: [USF-XSim-97] XSim simulation ran for 1000ns
close_sim
INFO: [Simtcl 6-16] Simulation closed
launch_simulation
Command: launch_simulation 
INFO: [Vivado 12-5682] Launching behavioral simulation in 'C:/Users/beccleme/Documents/PSN10/projet-RISC-V/projet-RISC-V.sim/sim_1/behav/xsim'
INFO: [SIM-utils-51] Simulation object is 'sim_1'
INFO: [SIM-utils-54] Inspecting design source files for 'testbenchControlUnit' in fileset 'sim_1'...
INFO: [USF-XSim-97] Finding global include files...
INFO: [USF-XSim-98] Fetching design files from 'sim_1'...
INFO: [USF-XSim-2] XSim::Compile design
INFO: [USF-XSim-61] Executing 'COMPILE and ANALYZE' step in 'C:/Users/beccleme/Documents/PSN10/projet-RISC-V/projet-RISC-V.sim/sim_1/behav/xsim'
"xvhdl --incr --relax -prj testbenchControlUnit_vhdl.prj"
INFO: [VRFC 10-163] Analyzing VHDL file "C:/Users/beccleme/Documents/PSN10/projet-RISC-V/projet-RISC-V.srcs/sources_1/new/ControlUnit.vhd" into library xil_defaultlib
INFO: [VRFC 10-3107] analyzing entity 'ControlUnit'
INFO: [USF-XSim-69] 'compile' step finished in '1' seconds
INFO: [USF-XSim-3] XSim::Elaborate design
INFO: [USF-XSim-61] Executing 'ELABORATE' step in 'C:/Users/beccleme/Documents/PSN10/projet-RISC-V/projet-RISC-V.sim/sim_1/behav/xsim'
"xelab -wto 60c90610a5ed4297b510f5bef94a44f6 --incr --debug typical --relax --mt 2 -L xil_defaultlib -L secureip --snapshot testbenchControlUnit_behav xil_defaultlib.testbenchControlUnit -log elaborate.log"
Vivado Simulator 2019.2
Copyright 1986-1999, 2001-2019 Xilinx, Inc. All Rights Reserved.
Running: C:/Xilinx/Vivado/2019.2/bin/unwrapped/win64.o/xelab.exe -wto 60c90610a5ed4297b510f5bef94a44f6 --incr --debug typical --relax --mt 2 -L xil_defaultlib -L secureip --snapshot testbenchControlUnit_behav xil_defaultlib.testbenchControlUnit -log elaborate.log 
Using 2 slave threads.
Starting static elaboration
Completed static elaboration
Starting simulation data flow analysis
Completed simulation data flow analysis
Time Resolution for simulation is 1ps
Compiling package std.standard
Compiling package std.textio
Compiling package ieee.std_logic_1164
Compiling architecture behavioral of entity xil_defaultlib.ControlUnit [controlunit_default]
Compiling architecture behavioral of entity xil_defaultlib.testbenchcontrolunit
Built simulation snapshot testbenchControlUnit_behav
INFO: [USF-XSim-69] 'elaborate' step finished in '1' seconds
INFO: [USF-XSim-4] XSim::Simulate design
INFO: [USF-XSim-61] Executing 'SIMULATE' step in 'C:/Users/beccleme/Documents/PSN10/projet-RISC-V/projet-RISC-V.sim/sim_1/behav/xsim'
INFO: [USF-XSim-98] *** Running xsim
   with args "testbenchControlUnit_behav -key {Behavioral:sim_1:Functional:testbenchControlUnit} -tclbatch {testbenchControlUnit.tcl} -log {simulate.log}"
INFO: [USF-XSim-8] Loading simulator feature
Vivado Simulator 2019.2
Time resolution is 1 ps
source testbenchControlUnit.tcl
# set curr_wave [current_wave_config]
# if { [string length $curr_wave] == 0 } {
#   if { [llength [get_objects]] > 0} {
#     add_wave /
#     set_property needs_save false [current_wave_config]
#   } else {
#      send_msg_id Add_Wave-1 WARNING "No top level signals found. Simulator will start without a wave window. If you want to open a wave window go to 'File->New Waveform Configuration' or type 'create_wave_config' in the TCL console."
#   }
# }
# run 1000ns
INFO: [USF-XSim-96] XSim completed. Design snapshot 'testbenchControlUnit_behav' loaded.
INFO: [USF-XSim-97] XSim simulation ran for 1000ns
close_sim
INFO: [Simtcl 6-16] Simulation closed
exit
INFO: [Common 17-206] Exiting Vivado at Fri May 29 12:03:08 2026...
